<html>
<head>
<title>TestNG:  Test1</title>
<link href="../testng.css" rel="stylesheet" type="text/css" />
<link href="../my-testng.css" rel="stylesheet" type="text/css" />

<style type="text/css">
.log { display: none;} 
.stack-trace { display: none;} 
</style>
<script type="text/javascript">
<!--
function flip(e) {
  current = e.style.display;
  if (current == 'block') {
    e.style.display = 'none';
    return 0;
  }
  else {
    e.style.display = 'block';
    return 1;
  }
}

function toggleBox(szDivId, elem, msg1, msg2)
{
  var res = -1;  if (document.getElementById) {
    res = flip(document.getElementById(szDivId));
  }
  else if (document.all) {
    // this is the way old msie versions work
    res = flip(document.all[szDivId]);
  }
  if(elem) {
    if(res == 0) elem.innerHTML = msg1; else elem.innerHTML = msg2;
  }

}

function toggleAllBoxes() {
  if (document.getElementsByTagName) {
    d = document.getElementsByTagName('div');
    for (i = 0; i < d.length; i++) {
      if (d[i].className == 'log') {
        flip(d[i]);
      }
    }
  }
}

// -->
</script>

</head>
<body>
<h2 align='center'>Test1</h2><table border='1' align="center">
<tr>
<td>Tests passed/Failed/Skipped:</td><td>3/1/0</td>
</tr><tr>
<td>Started on:</td><td>Wed Jan 01 20:17:30 IST 2025</td>
</tr>
<tr><td>Total time:</td><td>361 seconds (361704 ms)</td>
</tr><tr>
<td>Included groups:</td><td></td>
</tr><tr>
<td>Excluded groups:</td><td></td>
</tr>
</table><p/>
<small><i>(Hover the method name to see the test class name)</i></small><p/>
<table width='100%' border='1' class='invocation-failed'>
<tr><td colspan='4' align='center'><b>FAILED TESTS</b></td></tr>
<tr><td><b>Test method</b></td>
<td width="30%"><b>Exception</b></td>
<td width="10%"><b>Time (seconds)</b></td>
<td><b>Instance</b></td>
</tr>
<tr>
<td title='Scripts.NewTestDocuments.testValidLogin()'><b>testValidLogin</b><br>Test class: Scripts.NewTestDocuments<br/>
<a href="#Output-1292683326" onClick='toggleBox("Output-1292683326", this, "Show output", "Hide output");'>Show output</a>

<a href="#Output-1292683326" onClick="toggleAllBoxes();">Show all outputs</a>
<div class='log' id="Output-1292683326">
Username:vidya<br/>
Password:syntax@10<br/>
Room:TestServer_2024B264bit.CV2024B2_64bitDB<br/>
captch is not displayed<br/>
Remember me checkbox is selected<br/>
Username: <br/>
Password:<br/>
Room: <br/>
</div>
</td>
<td><div><pre>org.openqa.selenium.NoSuchElementException: no such element: Unable to locate element: {&quot;method&quot;:&quot;xpath&quot;,&quot;selector&quot;:&quot;//*[@id=&apos;rooms&apos;]&quot;}
  (Session info: chrome=131.0.6778.205)
For documentation on this error, please visit: https://www.selenium.dev/documentation/webdriver/troubleshooting/errors#no-such-element-exception
Build info: version: &apos;4.12.1&apos;, revision: &apos;8e34639b11&apos;
System info: os.name: &apos;Windows 11&apos;, os.arch: &apos;amd64&apos;, os.version: &apos;10.0&apos;, java.version: &apos;22.0.2&apos;
Driver info: org.openqa.selenium.chrome.ChromeDriver
Command: [93201b53612baeb31d28318e19e54283, findElement {using=xpath, value=//*[@id=&apos;rooms&apos;]}]
Capabilities {acceptInsecureCerts: false, browserName: chrome, browserVersion: 131.0.6778.205, chrome: {chromedriverVersion: 131.0.6778.204 (52183f9e99a..., userDataDir: C:\Users\vidya.h\AppData\Lo...}, fedcm:accounts: true, goog:chromeOptions: {debuggerAddress: localhost:55258}, networkConnectionEnabled: false, pageLoadStrategy: normal, platformName: windows, proxy: Proxy(), se:cdp: ws://localhost:55258/devtoo..., se:cdpVersion: 131.0.6778.205, setWindowRect: true, strictFileInteractability: false, timeouts: {implicit: 0, pageLoad: 300000, script: 30000}, unhandledPromptBehavior: dismiss and notify, webauthn:extension:credBlob: true, webauthn:extension:largeBlob: true, webauthn:extension:minPinLength: true, webauthn:extension:prf: true, webauthn:virtualAuthenticators: true}
Session ID: 93201b53612baeb31d28318e19e54283
	at org.openqa.selenium.remote.codec.w3c.W3CHttpResponseCodec.createException(W3CHttpResponseCodec.java:200)
	at org.openqa.selenium.remote.codec.w3c.W3CHttpResponseCodec.decode(W3CHttpResponseCodec.java:133)
	at org.openqa.selenium.remote.codec.w3c.W3CHttpResponseCodec.decode(W3CHttpResponseCodec.java:52)
	at org.openqa.selenium.remote.HttpCommandExecutor.execute(HttpCommandExecutor.java:191)
	at org.openqa.selenium.remote.service.DriverCommandExecutor.invokeExecute(DriverCommandExecutor.java:196)
	at org.openqa.selenium.remote.service.DriverCommandExecutor.execute(DriverCommandExecutor.java:171)
	at org.openqa.selenium.remote.RemoteWebDriver.execute(RemoteWebDriver.java:602)
	at org.openqa.selenium.remote.ElementLocation$ElementFinder$2.findElement(ElementLocation.java:165)
	at org.openqa.selenium.remote.ElementLocation.findElement(ElementLocation.java:59)
	at org.openqa.selenium.remote.RemoteWebDriver.findElement(RemoteWebDriver.java:359)
	at org.openqa.selenium.remote.RemoteWebDriver.findElement(RemoteWebDriver.java:353)
	at org.openqa.selenium.support.pagefactory.DefaultElementLocator.findElement(DefaultElementLocator.java:68)
	at org.openqa.selenium.support.pagefactory.internal.LocatingElementHandler.invoke(LocatingElementHandler.java:38)
	at jdk.proxy2/jdk.proxy2.$Proxy20.getTagName(Unknown Source)
	at org.openqa.selenium.support.ui.Select.&lt;init&gt;(Select.java:43)
	at Pom.LoginPage.&lt;init&gt;(LoginPage.java:74)
	at Scripts.NewTestDocuments.testValidLogin(NewTestDocuments.java:33)
	at java.base/java.util.ArrayList.forEach(ArrayList.java:1597)
... Removed 28 stack frames</pre></div><a href='#' onClick='toggleBox("stack-trace1292683326", this, "Click to show all stack frames", "Click to hide stack frames")'>Click to show all stack frames</a>
<div class='stack-trace' id='stack-trace1292683326'><pre>org.openqa.selenium.NoSuchElementException: no such element: Unable to locate element: {&quot;method&quot;:&quot;xpath&quot;,&quot;selector&quot;:&quot;//*[@id=&apos;rooms&apos;]&quot;}
  (Session info: chrome=131.0.6778.205)
For documentation on this error, please visit: https://www.selenium.dev/documentation/webdriver/troubleshooting/errors#no-such-element-exception
Build info: version: &apos;4.12.1&apos;, revision: &apos;8e34639b11&apos;
System info: os.name: &apos;Windows 11&apos;, os.arch: &apos;amd64&apos;, os.version: &apos;10.0&apos;, java.version: &apos;22.0.2&apos;
Driver info: org.openqa.selenium.chrome.ChromeDriver
Command: [93201b53612baeb31d28318e19e54283, findElement {using=xpath, value=//*[@id=&apos;rooms&apos;]}]
Capabilities {acceptInsecureCerts: false, browserName: chrome, browserVersion: 131.0.6778.205, chrome: {chromedriverVersion: 131.0.6778.204 (52183f9e99a..., userDataDir: C:\Users\vidya.h\AppData\Lo...}, fedcm:accounts: true, goog:chromeOptions: {debuggerAddress: localhost:55258}, networkConnectionEnabled: false, pageLoadStrategy: normal, platformName: windows, proxy: Proxy(), se:cdp: ws://localhost:55258/devtoo..., se:cdpVersion: 131.0.6778.205, setWindowRect: true, strictFileInteractability: false, timeouts: {implicit: 0, pageLoad: 300000, script: 30000}, unhandledPromptBehavior: dismiss and notify, webauthn:extension:credBlob: true, webauthn:extension:largeBlob: true, webauthn:extension:minPinLength: true, webauthn:extension:prf: true, webauthn:virtualAuthenticators: true}
Session ID: 93201b53612baeb31d28318e19e54283
	at java.base/jdk.internal.reflect.DirectConstructorHandleAccessor.newInstance(DirectConstructorHandleAccessor.java:62)
	at java.base/java.lang.reflect.Constructor.newInstanceWithCaller(Constructor.java:502)
	at java.base/java.lang.reflect.Constructor.newInstance(Constructor.java:486)
	at org.openqa.selenium.remote.codec.w3c.W3CHttpResponseCodec.createException(W3CHttpResponseCodec.java:200)
	at org.openqa.selenium.remote.codec.w3c.W3CHttpResponseCodec.decode(W3CHttpResponseCodec.java:133)
	at org.openqa.selenium.remote.codec.w3c.W3CHttpResponseCodec.decode(W3CHttpResponseCodec.java:52)
	at org.openqa.selenium.remote.HttpCommandExecutor.execute(HttpCommandExecutor.java:191)
	at org.openqa.selenium.remote.service.DriverCommandExecutor.invokeExecute(DriverCommandExecutor.java:196)
	at org.openqa.selenium.remote.service.DriverCommandExecutor.execute(DriverCommandExecutor.java:171)
	at org.openqa.selenium.remote.RemoteWebDriver.execute(RemoteWebDriver.java:602)
	at org.openqa.selenium.remote.ElementLocation$ElementFinder$2.findElement(ElementLocation.java:165)
	at org.openqa.selenium.remote.ElementLocation.findElement(ElementLocation.java:59)
	at org.openqa.selenium.remote.RemoteWebDriver.findElement(RemoteWebDriver.java:359)
	at org.openqa.selenium.remote.RemoteWebDriver.findElement(RemoteWebDriver.java:353)
	at org.openqa.selenium.support.pagefactory.DefaultElementLocator.findElement(DefaultElementLocator.java:68)
	at org.openqa.selenium.support.pagefactory.internal.LocatingElementHandler.invoke(LocatingElementHandler.java:38)
	at jdk.proxy2/jdk.proxy2.$Proxy20.getTagName(Unknown Source)
	at org.openqa.selenium.support.ui.Select.&lt;init&gt;(Select.java:43)
	at Pom.LoginPage.&lt;init&gt;(LoginPage.java:74)
	at Scripts.NewTestDocuments.testValidLogin(NewTestDocuments.java:33)
	at java.base/jdk.internal.reflect.DirectMethodHandleAccessor.invoke(DirectMethodHandleAccessor.java:103)
	at java.base/java.lang.reflect.Method.invoke(Method.java:580)
	at org.testng.internal.MethodInvocationHelper.invokeMethod(MethodInvocationHelper.java:133)
	at org.testng.internal.TestInvoker.invokeMethod(TestInvoker.java:598)
	at org.testng.internal.TestInvoker.invokeTestMethod(TestInvoker.java:173)
	at org.testng.internal.MethodRunner.runInSequence(MethodRunner.java:46)
	at org.testng.internal.TestInvoker$MethodInvocationAgent.invoke(TestInvoker.java:824)
	at org.testng.internal.TestInvoker.invokeTestMethods(TestInvoker.java:146)
	at org.testng.internal.TestMethodWorker.invokeTestMethods(TestMethodWorker.java:146)
	at org.testng.internal.TestMethodWorker.run(TestMethodWorker.java:128)
	at java.base/java.util.ArrayList.forEach(ArrayList.java:1597)
	at org.testng.TestRunner.privateRun(TestRunner.java:794)
	at org.testng.TestRunner.run(TestRunner.java:596)
	at org.testng.SuiteRunner.runTest(SuiteRunner.java:377)
	at org.testng.SuiteRunner.runSequentially(SuiteRunner.java:371)
	at org.testng.SuiteRunner.privateRun(SuiteRunner.java:332)
	at org.testng.SuiteRunner.run(SuiteRunner.java:276)
	at org.testng.SuiteRunnerWorker.runSuite(SuiteRunnerWorker.java:53)
	at org.testng.SuiteRunnerWorker.run(SuiteRunnerWorker.java:96)
	at org.testng.TestNG.runSuitesSequentially(TestNG.java:1212)
	at org.testng.TestNG.runSuitesLocally(TestNG.java:1134)
	at org.testng.TestNG.runSuites(TestNG.java:1063)
	at org.testng.TestNG.run(TestNG.java:1031)
	at org.testng.remote.AbstractRemoteTestNG.run(AbstractRemoteTestNG.java:115)
	at org.testng.remote.RemoteTestNG.initAndRun(RemoteTestNG.java:293)
	at org.testng.remote.RemoteTestNG.main(RemoteTestNG.java:91)
</pre></div></td>
<td>45</td>
<td>Scripts.NewTestDocuments@7ae0a9ec</td></tr>
</table><p>
<table width='100%' border='1' class='invocation-passed'>
<tr><td colspan='4' align='center'><b>PASSED TESTS</b></td></tr>
<tr><td><b>Test method</b></td>
<td width="30%"><b>Exception</b></td>
<td width="10%"><b>Time (seconds)</b></td>
<td><b>Instance</b></td>
</tr>
<tr>
<td title='Scripts.NewTestDocuments.Createopen()'><b>Createopen</b><br>Test class: Scripts.NewTestDocuments</td>
<td></td>
<td>9</td>
<td>Scripts.NewTestDocuments@7ae0a9ec</td></tr>
<tr>
<td title='Scripts.NewTestDocuments.Createdoc1()'><b>Createdoc1</b><br>Test class: Scripts.NewTestDocuments<br/>
<a href="#Output-873134840" onClick='toggleBox("Output-873134840", this, "Show output", "Hide output");'>Show output</a>

<a href="#Output-873134840" onClick="toggleAllBoxes();">Show all outputs</a>
<div class='log' id="Output-873134840">
DocumentType is:CVReports<br/>
IndexValue is:Test document<br/>
New Document Button is clicked <br/>
Folder location is: <br/>
document type is selected<br/>
Index value is:Test document<br/>
Menu items areBrowse...
Camera
Scan...
New Word Document
New Excel Spreadsheet
New Pdf Document<br/>
Menu items are displayed<br/>
Navigate Button is clicked <br/>
File not added<br/>
Pages are uploaded successfully<br/>
Document is Saved successfully <br/>
Closing the viewer<br/>
Document is not updated<br/>
Recent Folder::[[ChromeDriver: chrome on windows (93201b53612baeb31d28318e19e54283)] -> xpath: //table[@id='recentFolders']/tbody/tr[1]/td[1]]<br/>
Recent Document::[[ChromeDriver: chrome on windows (93201b53612baeb31d28318e19e54283)] -> xpath: .//table[@id='recentDocuments']/tbody/tr[1]/td[1]]<br/>
The alert is not present<br/>
Thumbnail is selected <br/>
View menu icon is selected <br/>
FullScreen icon is selected <br/>
FullScreen icon is selected again <br/>
Show thumbnails icon is selected  <br/>
Show thumbnails icon is selected again <br/>
Single page is selected  <br/>
Double page is selected<br/>
Vertical page is selected<br/>
Horizontal page is selected<br/>
Comments are added<br/>
Comments are edited<br/>
Page menu icon is selected <br/>
Copy icon is enabled and selected <br/>
Page is copied successfully<br/>
Page menu icon is selected again <br/>
Paste icon is selected <br/>
Page is Pasted successfully<br/>
Document is deleted successfully <br/>
Document is Saved successfully <br/>
View as PDF menu icon is selected <br/>
View as PDF link  is selected <br/>
Download all Pages<br/>
Download first Page<br/>
Closing the viewer<br/>
</div>
</td>
<td></td>
<td>160</td>
<td>Scripts.NewTestDocuments@7ae0a9ec</td></tr>
<tr>
<td title='Scripts.NewTestDocuments.CreateNode()'><b>CreateNode</b><br>Test class: Scripts.NewTestDocuments<br/>
<a href="#Output-2077970199" onClick='toggleBox("Output-2077970199", this, "Show output", "Hide output");'>Show output</a>

<a href="#Output-2077970199" onClick="toggleAllBoxes();">Show all outputs</a>
<div class='log' id="Output-2077970199">
Cabinet:New Cabinet<br/>
Drawer:New Drawer<br/>
Folder:New Folder<br/>
ExistingCabinet:: CustomColumn<br/>
Existing cabinet is selected<br/>
Drawer is selected<br/>
Folder is selected<br/>
DocumentType is:CVReports<br/>
IndexValue is:Test document<br/>
New Document Button is clicked <br/>
Menu items areBrowse...
Camera
Scan...
New Word Document
New Excel Spreadsheet
New Pdf Document<br/>
Menu items are displayed<br/>
Folder location is: CustomColumn\New Drawer\New Folder<br/>
document type is selected<br/>
Index value is:Test document<br/>
Alert is not present<br/>
View Button is clicked <br/>
Comments are added<br/>
Comments are edited<br/>
Thumbnail is selected <br/>
View menu icon is selected <br/>
FullScreen icon is selected <br/>
FullScreen icon is selected again <br/>
Show thumbnails icon is selected  <br/>
Show thumbnails icon is selected again <br/>
Single page is selected  <br/>
Double page is selected<br/>
Vertical page is selected<br/>
Horizontal page is selected<br/>
Page menu icon is selected <br/>
Copy icon is enabled and selected <br/>
Page is copied successfully<br/>
Page menu icon is selected again <br/>
Paste icon is selected <br/>
Page is Pasted successfully<br/>
Document is deleted successfully <br/>
Document is Saved successfully <br/>
View as PDF menu icon is selected <br/>
View as PDF link  is selected <br/>
Download all Pages<br/>
Download first Page<br/>
Closing the viewer<br/>
Logout Button is clicked <br/>
</div>
</td>
<td></td>
<td>141</td>
<td>Scripts.NewTestDocuments@7ae0a9ec</td></tr>
</table><p>
</body>
</html>